[debug] [2021-10-29T10:44:59.135Z] ----------------------------------------------------------------------
[debug] [2021-10-29T10:44:59.139Z] Command:       C:\Program Files\nodejs\node.exe C:\Users\LENOVO\AppData\Roaming\npm\node_modules\firebase-tools\lib\bin\firebase.js deploy
[debug] [2021-10-29T10:44:59.140Z] CLI Version:   9.21.0
[debug] [2021-10-29T10:44:59.140Z] Platform:      win32
[debug] [2021-10-29T10:44:59.141Z] Node Version:  v14.17.0
[debug] [2021-10-29T10:44:59.144Z] Time:          Fri Oct 29 2021 17:44:59 GMT+0700 (Western Indonesia Time)
[debug] [2021-10-29T10:44:59.146Z] ----------------------------------------------------------------------
[debug] 
[debug] [2021-10-29T10:44:59.849Z] > command requires scopes: ["email","openid","https://www.googleapis.com/auth/cloudplatformprojects.readonly","https://www.googleapis.com/auth/firebase","https://www.googleapis.com/auth/cloud-platform"]
[debug] [2021-10-29T10:44:59.850Z] > authorizing via signed-in user (rahmathidayathm03@gmail.com)
[debug] [2021-10-29T10:44:59.851Z] [iam] checking project rhfurniture-3d646 for permissions ["firebase.projects.get","firebasehosting.sites.update"]
[debug] [2021-10-29T10:44:59.864Z] > refreshing access token with scopes: ["email","https://www.googleapis.com/auth/cloud-platform","https://www.googleapis.com/auth/cloudplatformprojects.readonly","https://www.googleapis.com/auth/firebase","openid"]
[debug] [2021-10-29T10:44:59.865Z] >>> HTTP REQUEST POST https://www.googleapis.com/oauth2/v3/token  
 <request body omitted>
[debug] [2021-10-29T10:45:00.099Z] <<< HTTP RESPONSE 200 {"pragma":"no-cache","expires":"Mon, 01 Jan 1990 00:00:00 GMT","cache-control":"no-cache, no-store, max-age=0, must-revalidate","date":"Fri, 29 Oct 2021 10:45:01 GMT","content-type":"application/json; charset=utf-8","vary":"X-Origin, Referer, Origin,Accept-Encoding","server":"scaffolding on HTTPServer2","x-xss-protection":"0","x-frame-options":"SAMEORIGIN","x-content-type-options":"nosniff","alt-svc":"h3=\":443\"; ma=2592000,h3-29=\":443\"; ma=2592000,h3-Q050=\":443\"; ma=2592000,h3-Q046=\":443\"; ma=2592000,h3-Q043=\":443\"; ma=2592000","accept-ranges":"none","transfer-encoding":"chunked"}
[debug] [2021-10-29T10:45:00.125Z] >>> HTTP REQUEST POST https://cloudresourcemanager.googleapis.com/v1/projects/rhfurniture-3d646:testIamPermissions  
 {"permissions":["firebase.projects.get","firebasehosting.sites.update"]}
[debug] [2021-10-29T10:45:01.248Z] <<< HTTP RESPONSE 200 {"content-type":"application/json; charset=UTF-8","vary":"X-Origin, Referer, Origin,Accept-Encoding","date":"Fri, 29 Oct 2021 10:45:02 GMT","server":"ESF","cache-control":"private","x-xss-protection":"0","x-frame-options":"SAMEORIGIN","x-content-type-options":"nosniff","server-timing":"gfet4t7; dur=957","alt-svc":"h3=\":443\"; ma=2592000,h3-29=\":443\"; ma=2592000,h3-Q050=\":443\"; ma=2592000,h3-Q046=\":443\"; ma=2592000,h3-Q043=\":443\"; ma=2592000,quic=\":443\"; ma=2592000; v=\"46,43\"","accept-ranges":"none","transfer-encoding":"chunked"}
[debug] [2021-10-29T10:45:01.252Z] > refreshing access token with scopes: []
[debug] [2021-10-29T10:45:01.252Z] >>> HTTP REQUEST POST https://www.googleapis.com/oauth2/v3/token  
 <request body omitted>
[debug] [2021-10-29T10:45:01.612Z] <<< HTTP RESPONSE 200 {"pragma":"no-cache","cache-control":"no-cache, no-store, max-age=0, must-revalidate","date":"Fri, 29 Oct 2021 10:45:02 GMT","expires":"Mon, 01 Jan 1990 00:00:00 GMT","content-type":"application/json; charset=utf-8","vary":"X-Origin, Referer, Origin,Accept-Encoding","server":"scaffolding on HTTPServer2","x-xss-protection":"0","x-frame-options":"SAMEORIGIN","x-content-type-options":"nosniff","alt-svc":"h3=\":443\"; ma=2592000,h3-29=\":443\"; ma=2592000,h3-Q050=\":443\"; ma=2592000,h3-Q046=\":443\"; ma=2592000,h3-Q043=\":443\"; ma=2592000","accept-ranges":"none","transfer-encoding":"chunked"}
[debug] [2021-10-29T10:45:01.649Z] >>> [apiv2][query] GET https://firebase.googleapis.com/v1beta1/projects/rhfurniture-3d646 [none]
[debug] [2021-10-29T10:45:02.180Z] <<< [apiv2][status] GET https://firebase.googleapis.com/v1beta1/projects/rhfurniture-3d646 200
[debug] [2021-10-29T10:45:02.181Z] <<< [apiv2][body] GET https://firebase.googleapis.com/v1beta1/projects/rhfurniture-3d646 {"projectId":"rhfurniture-3d646","projectNumber":"62236498121","displayName":"rhfurniture","name":"projects/rhfurniture-3d646","resources":{"hostingSite":"rhfurniture-3d646"},"state":"ACTIVE"}
[info] 
[info] === Deploying to 'rhfurniture-3d646'...
[info] 
[info] i  deploying hosting 
[debug] [2021-10-29T10:45:02.732Z] > refreshing access token with scopes: ["email","https://www.googleapis.com/auth/cloud-platform","https://www.googleapis.com/auth/cloudplatformprojects.readonly","https://www.googleapis.com/auth/firebase","openid"]
[debug] [2021-10-29T10:45:02.736Z] >>> HTTP REQUEST POST https://www.googleapis.com/oauth2/v3/token  
 <request body omitted>
[debug] [2021-10-29T10:45:02.901Z] <<< HTTP RESPONSE 200 {"cache-control":"no-cache, no-store, max-age=0, must-revalidate","date":"Fri, 29 Oct 2021 10:45:04 GMT","pragma":"no-cache","expires":"Mon, 01 Jan 1990 00:00:00 GMT","content-type":"application/json; charset=utf-8","vary":"X-Origin, Referer, Origin,Accept-Encoding","server":"scaffolding on HTTPServer2","x-xss-protection":"0","x-frame-options":"SAMEORIGIN","x-content-type-options":"nosniff","alt-svc":"h3=\":443\"; ma=2592000,h3-29=\":443\"; ma=2592000,h3-Q050=\":443\"; ma=2592000,h3-Q046=\":443\"; ma=2592000,h3-Q043=\":443\"; ma=2592000","accept-ranges":"none","transfer-encoding":"chunked"}
[debug] [2021-10-29T10:45:03.103Z] >>> HTTP REQUEST POST https://firebasehosting.googleapis.com/v1beta1/sites/rhfurniture-3d646/versions  
 {"config":{"rewrites":[{"glob":"**","path":"/index.html"}]},"labels":{"deployment-tool":"cli-firebase"}}
[debug] [2021-10-29T10:45:04.681Z] <<< HTTP RESPONSE 200 {"content-type":"application/json; charset=UTF-8","vary":"X-Origin, Referer, Origin,Accept-Encoding","date":"Fri, 29 Oct 2021 10:45:05 GMT","server":"ESF","cache-control":"private","x-xss-protection":"0","x-frame-options":"SAMEORIGIN","x-content-type-options":"nosniff","alt-svc":"h3=\":443\"; ma=2592000,h3-29=\":443\"; ma=2592000,h3-Q050=\":443\"; ma=2592000,h3-Q046=\":443\"; ma=2592000,h3-Q043=\":443\"; ma=2592000,quic=\":443\"; ma=2592000; v=\"46,43\"","accept-ranges":"none","transfer-encoding":"chunked"}
